{"uuid":"71e33756-dce0-4dc7-8185-b4c73abc2118","historyId":"959aac69bb49f0d5f3463d3220a9ee2","fullName":"io.cucumber.testng.AbstractTestNGCucumberTests.runScenario","labels":[{"name":"package","value":"io.testing.qa.App_name.Test"},{"name":"testClass","value":"io.testing.qa.App_name.Test"},{"name":"testMethod","value":"runScenario"},{"name":"parentSuite","value":"App"},{"name":"suite","value":"App collection"},{"name":"subSuite","value":"io.testing.qa.App_name.Test"},{"name":"host","value":"LAPTOP-65628TAH"},{"name":"thread","value":"61812@LAPTOP-65628TAH.main(1)"},{"name":"framework","value":"testng"},{"name":"language","value":"java"}],"links":[],"name":"Runs Cucumber Scenarios","status":"broken","statusDetails":{"known":false,"muted":false,"flaky":false,"message":"java.lang.Exception: Failed to click on element: An element could not be located on the page using the given search parameters.\nFor documentation on this error, please visit: https://www.selenium.dev/documentation/webdriver/troubleshooting/errors#no-such-element-exception\nBuild info: version: '4.13.0', revision: 'ba948ece5b*'\nSystem info: os.name: 'Windows 11', os.arch: 'amd64', os.version: '10.0', java.version: '23.0.1'\nDriver info: io.appium.java_client.android.AndroidDriver\nCommand: [32e46c89-9b3b-4e33-9edb-b1acf80604f9, findElement {using=xpath, value=//android.view.ViewGroup[@content-desc=\"menu item log in\"]}]\nCapabilities {appium:app: C:\\Users\\hodas\\IdeaProjects..., appium:appPackage: com.saucelabs.mydemoapp.rn, appium:autoDismissAlerts: true, appium:autoGrantPermissions: true, appium:automationName: uiAutomator2, appium:databaseEnabled: false, appium:desired: {app: C:\\Users\\hodas\\IdeaProjects..., autoDismissAlerts: true, autoGrantPermissions: true, automationName: uiAutomator2, deviceName: Pixel 7a API 33, platformName: ANDROID, platformVersion: 13, resetKeyboard: true, unicodeKeyboard: true}, appium:deviceApiLevel: 33, appium:deviceManufacturer: Google, appium:deviceModel: sdk_gphone64_x86_64, appium:deviceName: emulator-5554, appium:deviceScreenDensity: 420, appium:deviceScreenSize: 1080x2400, appium:deviceUDID: emulator-5554, appium:javascriptEnabled: true, appium:locationContextEnabled: false, appium:networkConnectionEnabled: true, appium:pixelRatio: 2.625, appium:platformVersion: 13, appium:resetKeyboard: true, appium:statBarHeight: 63, appium:takesScreenshot: true, appium:unicodeKeyboard: true, appium:viewportRect: {height: 2337, left: 0, top: 63, width: 1080}, appium:warnings: {}, appium:webStorageEnabled: false, platformName: ANDROID}\nSession ID: 32e46c89-9b3b-4e33-9edb-b1acf80604f9","trace":"java.lang.RuntimeException: java.lang.Exception: Failed to click on element: An element could not be located on the page using the given search parameters.\nFor documentation on this error, please visit: https://www.selenium.dev/documentation/webdriver/troubleshooting/errors#no-such-element-exception\nBuild info: version: '4.13.0', revision: 'ba948ece5b*'\nSystem info: os.name: 'Windows 11', os.arch: 'amd64', os.version: '10.0', java.version: '23.0.1'\nDriver info: io.appium.java_client.android.AndroidDriver\nCommand: [32e46c89-9b3b-4e33-9edb-b1acf80604f9, findElement {using=xpath, value=//android.view.ViewGroup[@content-desc=\"menu item log in\"]}]\nCapabilities {appium:app: C:\\Users\\hodas\\IdeaProjects..., appium:appPackage: com.saucelabs.mydemoapp.rn, appium:autoDismissAlerts: true, appium:autoGrantPermissions: true, appium:automationName: uiAutomator2, appium:databaseEnabled: false, appium:desired: {app: C:\\Users\\hodas\\IdeaProjects..., autoDismissAlerts: true, autoGrantPermissions: true, automationName: uiAutomator2, deviceName: Pixel 7a API 33, platformName: ANDROID, platformVersion: 13, resetKeyboard: true, unicodeKeyboard: true}, appium:deviceApiLevel: 33, appium:deviceManufacturer: Google, appium:deviceModel: sdk_gphone64_x86_64, appium:deviceName: emulator-5554, appium:deviceScreenDensity: 420, appium:deviceScreenSize: 1080x2400, appium:deviceUDID: emulator-5554, appium:javascriptEnabled: true, appium:locationContextEnabled: false, appium:networkConnectionEnabled: true, appium:pixelRatio: 2.625, appium:platformVersion: 13, appium:resetKeyboard: true, appium:statBarHeight: 63, appium:takesScreenshot: true, appium:unicodeKeyboard: true, appium:viewportRect: {height: 2337, left: 0, top: 63, width: 1080}, appium:warnings: {}, appium:webStorageEnabled: false, platformName: ANDROID}\nSession ID: 32e46c89-9b3b-4e33-9edb-b1acf80604f9\r\n\tat io.testing.qa.stepDefs.Login_StepDef.usergotologinpage(Login_StepDef.java:18)\r\n\tat âœ½.user go to login page(file:///C:/Users/hodas/IdeaProjects/QA_Automation-Demo/src/main/resources/Features/F_Login.feature:18)\r\nCaused by: java.lang.Exception: Failed to click on element: An element could not be located on the page using the given search parameters.\nFor documentation on this error, please visit: https://www.selenium.dev/documentation/webdriver/troubleshooting/errors#no-such-element-exception\nBuild info: version: '4.13.0', revision: 'ba948ece5b*'\nSystem info: os.name: 'Windows 11', os.arch: 'amd64', os.version: '10.0', java.version: '23.0.1'\nDriver info: io.appium.java_client.android.AndroidDriver\nCommand: [32e46c89-9b3b-4e33-9edb-b1acf80604f9, findElement {using=xpath, value=//android.view.ViewGroup[@content-desc=\"menu item log in\"]}]\nCapabilities {appium:app: C:\\Users\\hodas\\IdeaProjects..., appium:appPackage: com.saucelabs.mydemoapp.rn, appium:autoDismissAlerts: true, appium:autoGrantPermissions: true, appium:automationName: uiAutomator2, appium:databaseEnabled: false, appium:desired: {app: C:\\Users\\hodas\\IdeaProjects..., autoDismissAlerts: true, autoGrantPermissions: true, automationName: uiAutomator2, deviceName: Pixel 7a API 33, platformName: ANDROID, platformVersion: 13, resetKeyboard: true, unicodeKeyboard: true}, appium:deviceApiLevel: 33, appium:deviceManufacturer: Google, appium:deviceModel: sdk_gphone64_x86_64, appium:deviceName: emulator-5554, appium:deviceScreenDensity: 420, appium:deviceScreenSize: 1080x2400, appium:deviceUDID: emulator-5554, appium:javascriptEnabled: true, appium:locationContextEnabled: false, appium:networkConnectionEnabled: true, appium:pixelRatio: 2.625, appium:platformVersion: 13, appium:resetKeyboard: true, appium:statBarHeight: 63, appium:takesScreenshot: true, appium:unicodeKeyboard: true, appium:viewportRect: {height: 2337, left: 0, top: 63, width: 1080}, appium:warnings: {}, appium:webStorageEnabled: false, platformName: ANDROID}\nSession ID: 32e46c89-9b3b-4e33-9edb-b1acf80604f9\r\n\tat io.testing.qa.pages.LoginPage.clickOnElement(LoginPage.java:105)\r\n\tat io.testing.qa.pages.LoginPage.navigateToLoginPage(LoginPage.java:37)\r\n\tat io.testing.qa.stepDefs.Login_StepDef.usergotologinpage(Login_StepDef.java:16)\r\n\tat java.base/jdk.internal.reflect.DirectMethodHandleAccessor.invoke(DirectMethodHandleAccessor.java:103)\r\n\tat java.base/java.lang.reflect.Method.invoke(Method.java:580)\r\n\tat io.cucumber.java.Invoker.doInvoke(Invoker.java:66)\r\n\tat io.cucumber.java.Invoker.invoke(Invoker.java:24)\r\n\tat io.cucumber.java.AbstractGlueDefinition.invokeMethod(AbstractGlueDefinition.java:47)\r\n\tat io.cucumber.java.JavaStepDefinition.execute(JavaStepDefinition.java:29)\r\n\tat io.cucumber.core.runner.CoreStepDefinition.execute(CoreStepDefinition.java:66)\r\n\tat io.cucumber.core.runner.PickleStepDefinitionMatch.runStep(PickleStepDefinitionMatch.java:63)\r\n\tat io.cucumber.core.runner.ExecutionMode$1.execute(ExecutionMode.java:10)\r\n\tat io.cucumber.core.runner.TestStep.executeStep(TestStep.java:85)\r\n\tat io.cucumber.core.runner.TestStep.run(TestStep.java:57)\r\n\tat io.cucumber.core.runner.PickleStepTestStep.run(PickleStepTestStep.java:51)\r\n\tat io.cucumber.core.runner.TestCase.run(TestCase.java:84)\r\n\tat io.cucumber.core.runner.Runner.runPickle(Runner.java:75)\r\n\tat io.cucumber.testng.TestNGCucumberRunner.lambda$runScenario$1(TestNGCucumberRunner.java:132)\r\n\tat io.cucumber.core.runtime.CucumberExecutionContext.lambda$runTestCase$5(CucumberExecutionContext.java:129)\r\n\tat io.cucumber.core.runtime.RethrowingThrowableCollector.executeAndThrow(RethrowingThrowableCollector.java:23)\r\n\tat io.cucumber.core.runtime.CucumberExecutionContext.runTestCase(CucumberExecutionContext.java:129)\r\n\tat io.cucumber.testng.TestNGCucumberRunner.runScenario(TestNGCucumberRunner.java:129)\r\n\tat io.cucumber.testng.AbstractTestNGCucumberTests.runScenario(AbstractTestNGCucumberTests.java:35)\r\n\tat java.base/jdk.internal.reflect.DirectMethodHandleAccessor.invoke(DirectMethodHandleAccessor.java:103)\r\n\tat java.base/java.lang.reflect.Method.invoke(Method.java:580)\r\n\tat org.testng.internal.MethodInvocationHelper.invokeMethod(MethodInvocationHelper.java:133)\r\n\tat org.testng.internal.TestInvoker.invokeMethod(TestInvoker.java:598)\r\n\tat org.testng.internal.TestInvoker.invokeTestMethod(TestInvoker.java:173)\r\n\tat org.testng.internal.MethodRunner.runInSequence(MethodRunner.java:46)\r\n\tat org.testng.internal.TestInvoker$MethodInvocationAgent.invoke(TestInvoker.java:824)\r\n\tat org.testng.internal.TestInvoker.invokeTestMethods(TestInvoker.java:146)\r\n\tat org.testng.internal.TestMethodWorker.invokeTestMethods(TestMethodWorker.java:146)\r\n\tat org.testng.internal.TestMethodWorker.run(TestMethodWorker.java:128)\r\n\tat java.base/java.util.ArrayList.forEach(ArrayList.java:1597)\r\n\tat org.testng.TestRunner.privateRun(TestRunner.java:794)\r\n\tat org.testng.TestRunner.run(TestRunner.java:596)\r\n\tat org.testng.SuiteRunner.runTest(SuiteRunner.java:377)\r\n\tat org.testng.SuiteRunner.runSequentially(SuiteRunner.java:371)\r\n\tat org.testng.SuiteRunner.privateRun(SuiteRunner.java:332)\r\n\tat org.testng.SuiteRunner.run(SuiteRunner.java:276)\r\n\tat org.testng.SuiteRunnerWorker.runSuite(SuiteRunnerWorker.java:53)\r\n\tat org.testng.SuiteRunnerWorker.run(SuiteRunnerWorker.java:96)\r\n\tat org.testng.TestNG.runSuitesSequentially(TestNG.java:1212)\r\n\tat org.testng.TestNG.runSuitesLocally(TestNG.java:1134)\r\n\tat org.testng.TestNG.runSuites(TestNG.java:1063)\r\n\tat org.testng.TestNG.run(TestNG.java:1031)\r\n\tat com.intellij.rt.testng.IDEARemoteTestNG.run(IDEARemoteTestNG.java:66)\r\n\tat com.intellij.rt.testng.RemoteTestNGStarter.main(RemoteTestNGStarter.java:109)\r\n"},"stage":"finished","steps":[],"attachments":[],"parameters":[{"name":"arg1","value":"\"F_Login | users could use login functionality to use their accounts\""},{"name":"arg0","value":"\"user could login with NotMatched user and password\""}],"start":1734371412634,"stop":1734371414575}